[2025-04-18T16:56:28.836582+02:00] auth.INFO: User logged out {"session_id":"ccfosro3r4me350rg2ld5vjt5j"} []
[2025-04-18T17:07:03.297846+02:00] auth.INFO: User logged out {"session_id":"ccfosro3r4me350rg2ld5vjt5j"} []
[2025-04-18T17:07:49.191986+02:00] auth.INFO: User logged out {"session_id":"ccfosro3r4me350rg2ld5vjt5j"} []
[2025-04-18T17:08:33.816572+02:00] auth.INFO: User logged out {"session_id":"ccfosro3r4me350rg2ld5vjt5j"} []
[2025-04-18T17:09:24.533711+02:00] auth.INFO: User logged out {"session_id":"ccfosro3r4me350rg2ld5vjt5j"} []
[2025-04-18T18:44:57.945957+02:00] auth.INFO: User logged out {"session_id":"ccfosro3r4me350rg2ld5vjt5j"} []
[2025-04-19T08:23:15.708411+02:00] auth.INFO: User logged out {"session_id":"5hlot4tcbu0dmj88dfm67iv6tc"} []
[2025-04-19T10:58:58.055358+02:00] auth.INFO: User logged out {"session_id":"5hlot4tcbu0dmj88dfm67iv6tc"} []
[2025-04-19T11:25:36.936640+02:00] auth.INFO: User logged out {"session_id":"5hlot4tcbu0dmj88dfm67iv6tc"} []
[2025-04-19T11:34:22.121853+02:00] auth.INFO: User logged out {"session_id":"5hlot4tcbu0dmj88dfm67iv6tc"} []
[2025-04-19T11:34:54.500207+02:00] auth.INFO: User logged out {"session_id":"5hlot4tcbu0dmj88dfm67iv6tc"} []
[2025-04-19T11:38:06.031591+02:00] auth.INFO: User logged out {"session_id":"5hlot4tcbu0dmj88dfm67iv6tc"} []
[2025-04-19T11:38:46.106473+02:00] auth.INFO: User logged out {"session_id":"5hlot4tcbu0dmj88dfm67iv6tc"} []
[2025-04-19T12:41:02.016812+02:00] auth.INFO: User logged out {"session_id":"5hlot4tcbu0dmj88dfm67iv6tc"} []
[2025-04-19T12:51:35.130879+02:00] auth.INFO: User logged out {"session_id":"5hlot4tcbu0dmj88dfm67iv6tc"} []
[2025-04-19T13:01:27.095468+02:00] auth.INFO: User logged out {"session_id":"5hlot4tcbu0dmj88dfm67iv6tc"} []
[2025-04-19T13:03:57.372366+02:00] auth.INFO: User logged out {"session_id":"5hlot4tcbu0dmj88dfm67iv6tc"} []
[2025-04-19T13:52:34.297438+02:00] auth.INFO: User logged out {"session_id":"5hlot4tcbu0dmj88dfm67iv6tc"} []
[2025-04-19T14:02:33.829529+02:00] auth.INFO: User logged out {"session_id":"5hlot4tcbu0dmj88dfm67iv6tc"} []
[2025-04-19T14:53:54.228221+02:00] auth.INFO: User logged out {"session_id":"5hlot4tcbu0dmj88dfm67iv6tc"} []
[2025-04-19T14:56:49.861832+02:00] auth.INFO: User logged out {"session_id":"5hlot4tcbu0dmj88dfm67iv6tc"} []
[2025-04-19T16:52:36.906148+02:00] auth.INFO: User logged out {"session_id":"qqsngvjdsldnd0p4vjc6nf4rdm"} []
[2025-04-19T17:00:11.703883+02:00] auth.INFO: User logged out {"session_id":"qqsngvjdsldnd0p4vjc6nf4rdm"} []
[2025-04-19T17:13:09.875519+02:00] auth.INFO: User logged out {"session_id":"qqsngvjdsldnd0p4vjc6nf4rdm"} []
[2025-04-19T18:23:08.171259+02:00] auth.INFO: User logged out {"session_id":"qqsngvjdsldnd0p4vjc6nf4rdm"} []
[2025-04-20T13:53:45.922823+02:00] auth.INFO: User logged out {"session_id":"jvj7986lvihiqso3pedkd030p1"} []
[2025-04-20T14:05:23.757749+02:00] auth.INFO: User logged out {"session_id":"jvj7986lvihiqso3pedkd030p1"} []
[2025-04-20T14:12:33.528079+02:00] auth.INFO: User logged out {"session_id":"jvj7986lvihiqso3pedkd030p1"} []
[2025-04-20T14:23:05.507695+02:00] auth.INFO: User logged out {"session_id":"jvj7986lvihiqso3pedkd030p1"} []
[2025-04-20T18:48:12.655611+02:00] auth.INFO: User logged out {"session_id":"clpievc0g6h7eusrubl2oj6q0h"} []
[2025-04-20T20:56:56.041839+02:00] auth.INFO: User logged out {"session_id":"clpievc0g6h7eusrubl2oj6q0h"} []
[2025-04-20T20:57:21.200215+02:00] auth.INFO: User logged out {"session_id":"clpievc0g6h7eusrubl2oj6q0h"} []
[2025-04-20T21:00:11.432994+02:00] auth.INFO: User logged out {"session_id":"clpievc0g6h7eusrubl2oj6q0h"} []
[2025-04-20T21:02:59.467952+02:00] auth.INFO: User logged out {"session_id":"clpievc0g6h7eusrubl2oj6q0h"} []
[2025-04-21T13:55:45.499510+02:00] auth.INFO: User logged out {"session_id":"bkh61jnnjsqsopflqmnjkkqnq2"} []
[2025-04-21T13:58:03.054902+02:00] auth.INFO: User logged out {"session_id":"bkh61jnnjsqsopflqmnjkkqnq2"} []
[2025-04-21T15:20:18.335894+02:00] auth.INFO: User logged out {"session_id":"bkh61jnnjsqsopflqmnjkkqnq2"} []
[2025-04-21T15:43:07.752511+02:00] auth.INFO: User logged out {"session_id":"tugavp9he70a6q805kae0g7hhf"} []
