[2025-04-19T11:45:21.355474+02:00] midtrans.ERROR: Transaction failed {"error":"The ServerKey/ClientKey is null, You need to set the server-key from Config. Please double-check Config and ServerKey key. You can check from the Midtrans Dashboard. See https://docs.midtrans.com/en/midtrans-account/overview?id=retrieving-api-access-keys for the details or contact support at support@midtrans.com if you have any questions."} []
[2025-04-19T12:34:37.900592+02:00] midtrans.ERROR: Transaction failed {"error":"The ServerKey/ClientKey is null, You need to set the server-key from Config. Please double-check Config and ServerKey key. You can check from the Midtrans Dashboard. See https://docs.midtrans.com/en/midtrans-account/overview?id=retrieving-api-access-keys for the details or contact support at support@midtrans.com if you have any questions."} []
[2025-04-19T13:00:32.660578+02:00] midtrans.ERROR: Transaction failed {"error":"The ServerKey/ClientKey is null, You need to set the server-key from Config. Please double-check Config and ServerKey key. You can check from the Midtrans Dashboard. See https://docs.midtrans.com/en/midtrans-account/overview?id=retrieving-api-access-keys for the details or contact support at support@midtrans.com if you have any questions."} []
[2025-04-19T17:01:23.340095+02:00] midtrans.ERROR: Transaction failed {"error":"The ServerKey/ClientKey is null, You need to set the server-key from Config. Please double-check Config and ServerKey key. You can check from the Midtrans Dashboard. See https://docs.midtrans.com/en/midtrans-account/overview?id=retrieving-api-access-keys for the details or contact support at support@midtrans.com if you have any questions."} []
[2025-04-20T13:28:55.181194+02:00] midtrans.ERROR: Transaction failed {"error":"The ServerKey/ClientKey is null, You need to set the server-key from Config. Please double-check Config and ServerKey key. You can check from the Midtrans Dashboard. See https://docs.midtrans.com/en/midtrans-account/overview?id=retrieving-api-access-keys for the details or contact support at support@midtrans.com if you have any questions."} []
[2025-04-20T13:42:10.520152+02:00] midtrans.ERROR: Transaction failed {"error":"Midtrans API is returning API error. HTTP status code: 401 API response: {\"error_messages\":[\"Access denied due to unauthorized transaction, please check client or server key\",\"Visit https://docs.midtrans.com/reference/backend-integration for more details\"]}"} []
[2025-04-20T13:51:19.323232+02:00] midtrans.INFO: Transaction created {"order_id":"JDAR_6804dfb686408","amount":1500000} []
[2025-04-20T13:52:25.070054+02:00] midtrans.INFO: Transaction created {"order_id":"JDAR_6804dff85dcae","amount":1500000} []
[2025-04-20T13:55:03.141761+02:00] midtrans.INFO: Transaction created {"order_id":"JDAR_6804e0966a877","amount":1500000} []
[2025-04-20T13:55:44.112480+02:00] midtrans.INFO: Transaction created {"order_id":"JDAR_6804e0bf6c115","amount":1500000} []
[2025-04-20T14:00:00.259567+02:00] midtrans.INFO: Transaction created {"order_id":"JDAR_6804e1bf92d2f","amount":1500000} []
[2025-04-20T14:00:40.394188+02:00] midtrans.INFO: Transaction created {"order_id":"JDAR_6804e1e7b1a36","amount":1500000} []
[2025-04-20T14:01:49.578739+02:00] midtrans.INFO: Transaction created {"order_id":"JDAR_6804e22cdbfe4","amount":1500000} []
[2025-04-20T14:02:23.477030+02:00] midtrans.INFO: Transaction created {"order_id":"JDAR_6804e24ec5a43","amount":1500000} []
[2025-04-20T14:07:22.783452+02:00] midtrans.INFO: Transaction created {"order_id":"JDAR_6804e37a12015","amount":1500000} []
[2025-04-20T14:24:24.330612+02:00] midtrans.INFO: Transaction created {"order_id":"JDAR_6804e7779b1ec","amount":6000000} []
[2025-04-20T14:27:54.938138+02:00] midtrans.INFO: Transaction created {"order_id":"JDAR_6804e84976273","amount":4000000} []
[2025-04-20T14:29:17.074288+02:00] midtrans.INFO: Transaction created {"order_id":"JDAR_6804e89c68e83","amount":4000000} []
[2025-04-20T14:29:30.453692+02:00] midtrans.INFO: Transaction created {"order_id":"JDAR_6804e8a9ccb01","amount":4000000} []
[2025-04-20T14:47:38.814686+02:00] midtrans.INFO: Transaction created {"order_id":"JDAR_6804ecea142e5","amount":1500000} []
[2025-04-20T14:48:04.535535+02:00] midtrans.INFO: Transaction created {"order_id":"JDAR_6804ed03cfdba","amount":1500000} []
[2025-04-20T14:48:12.124555+02:00] midtrans.INFO: Transaction created {"order_id":"JDAR_6804ed0b743cc","amount":1500000} []
[2025-04-20T14:53:03.129228+02:00] midtrans.INFO: Transaction created {"order_id":"JDAR_6804ee2e5962b","amount":1500000} []
[2025-04-20T14:53:26.162447+02:00] midtrans.INFO: Transaction created {"order_id":"JDAR_6804ee455d62b","amount":1500000} []
[2025-04-20T14:53:58.103584+02:00] midtrans.INFO: Transaction created {"order_id":"JDAR_6804ee6572dc7","amount":1500000} []
[2025-04-20T14:54:10.114691+02:00] midtrans.INFO: Transaction created {"order_id":"JDAR_6804ee716f6a3","amount":1500000} []
[2025-04-20T15:13:31.587744+02:00] midtrans.INFO: Transaction created {"order_id":"JDAR_6804f2f9c0cd6","amount":1500000} []
[2025-04-20T15:15:26.472745+02:00] midtrans.INFO: Transaction created {"order_id":"JDAR_6804f36dc4916","amount":1500000} []
[2025-04-20T15:15:43.189864+02:00] midtrans.INFO: Transaction created {"order_id":"JDAR_6804f37e7d339","amount":1500000} []
[2025-04-20T15:17:04.961166+02:00] midtrans.INFO: Transaction created {"order_id":"JDAR_6804f3d04a8a5","amount":1500000} []
[2025-04-20T15:21:53.129632+02:00] midtrans.INFO: Transaction created {"order_id":"JDAR_6804f4f079575","amount":6000000} []
[2025-04-20T15:25:01.015314+02:00] midtrans.INFO: Transaction created {"order_id":"JDAR_6804f5ac59451","amount":6000000} []
[2025-04-20T15:44:29.011060+02:00] midtrans.ERROR: Error database {"pesan":"Unknown column 'status' in 'field list'","kode":1054} []
[2025-04-20T15:44:34.457391+02:00] midtrans.ERROR: Error database {"pesan":"Unknown column 'status' in 'field list'","kode":1054} []
[2025-04-20T15:50:36.411697+02:00] midtrans.INFO: Transaksi dibuat {"order_id":"JDAR_6804fbac5bdd5","jumlah":1500000} []
[2025-04-20T15:51:32.158981+02:00] midtrans.INFO: Transaksi dibuat {"order_id":"JDAR_6804fbe4202bc","jumlah":1500000} []
[2025-04-20T15:56:59.798748+02:00] midtrans.INFO: Transaksi dibuat {"order_id":"JDAR_6804fd2bbe06c","jumlah":1500000} []
[2025-04-20T16:23:27.187796+02:00] midtrans.INFO: Transaksi dibuat {"order_id":"JDAR_6805035f276d5","jumlah":1500000} []
[2025-04-20T16:27:57.815839+02:00] midtrans.INFO: Transaksi dibuat {"order_id":"JDAR_6805046dc0dc1","jumlah":1500000} []
[2025-04-20T16:31:52.942686+02:00] midtrans.INFO: Transaksi dibuat {"order_id":"JDAR_68050558dfa43","jumlah":1500000} []
[2025-04-20T16:35:24.045317+02:00] midtrans.INFO: Transaksi dibuat {"order_id":"JDAR_6805062c0671a","jumlah":1500000} []
[2025-04-20T16:35:38.867855+02:00] midtrans.INFO: Transaksi dibuat {"order_id":"JDAR_6805063acf6e4","jumlah":6000000} []
[2025-04-20T16:40:15.998145+02:00] midtrans.INFO: Transaksi dibuat {"order_id":"JDAR_6805074fef1bc","jumlah":1500000} []
[2025-04-20T16:46:40.273165+02:00] midtrans.INFO: Transaksi dibuat {"order_id":"JDAR_680508d03c0a1","jumlah":1500000} []
[2025-04-20T16:46:53.865589+02:00] midtrans.INFO: Transaksi dibuat {"order_id":"JDAR_680508ddcda8f","jumlah":4000000} []
[2025-04-20T18:45:01.315779+02:00] midtrans.INFO: Transaksi dibuat {"order_id":"JDAR_6805248d4176e","jumlah":6000000} []
[2025-04-20T18:49:07.782898+02:00] midtrans.INFO: Transaksi dibuat {"order_id":"JDAR_68052583b8f81","jumlah":6000000} []
[2025-04-20T19:17:52.171067+02:00] midtrans.INFO: Transaksi dibuat {"order_id":"JDAR_68052c402370f","jumlah":6000000} []
[2025-04-20T20:00:06.219753+02:00] midtrans.INFO: Transaksi dibuat {"order_id":"JDAR_68053626305ad","jumlah":6000000} []
[2025-04-20T20:07:24.803947+02:00] midtrans.INFO: Transaksi dibuat {"order_id":"JDAR_680537dcbfa60","jumlah":6000000} []
[2025-04-20T20:13:01.880924+02:00] midtrans.INFO: Transaksi dibuat {"order_id":"JDAR_6805392dcfb31","jumlah":6000000} []
[2025-04-20T20:13:05.171803+02:00] midtrans.INFO: Transaksi dibuat {"order_id":"JDAR_6805393125696","jumlah":6000000} []
[2025-04-20T20:14:09.609658+02:00] midtrans.INFO: Transaksi dibuat {"order_id":"JDAR_680539718e7fe","jumlah":6000000} []
[2025-04-20T20:15:47.249362+02:00] midtrans.INFO: Transaksi dibuat {"order_id":"JDAR_680539d33594c","jumlah":6000000} []
[2025-04-20T20:18:24.032619+02:00] midtrans.INFO: Transaksi dibuat {"order_id":"JDAR_68053a7001d82","jumlah":1500000} []
[2025-04-20T20:19:03.869556+02:00] midtrans.INFO: Transaksi dibuat {"order_id":"JDAR_68053a97ce509","jumlah":1500000} []
[2025-04-20T20:19:06.749996+02:00] midtrans.INFO: Transaksi dibuat {"order_id":"JDAR_68053a9ab3597","jumlah":1500000} []
[2025-04-20T20:19:10.448694+02:00] midtrans.INFO: Transaksi dibuat {"order_id":"JDAR_68053a9e6670b","jumlah":1500000} []
[2025-04-20T20:37:17.623659+02:00] midtrans.INFO: Transaksi dibuat {"order_id":"JDAR_68053edd91ce2","jumlah":2000000} []
[2025-04-20T20:38:05.868850+02:00] midtrans.INFO: Transaksi dibuat {"order_id":"JDAR_68053f0dcda7b","jumlah":2000000} []
[2025-04-20T20:39:15.808146+02:00] midtrans.INFO: Transaksi dibuat {"order_id":"JDAR_68053f53bef0c","jumlah":2000000} []
[2025-04-20T20:39:16.512887+02:00] midtrans.INFO: Transaksi dibuat {"order_id":"JDAR_68053f5478a45","jumlah":2000000} []
[2025-04-20T20:39:25.883616+02:00] midtrans.INFO: Transaksi dibuat {"order_id":"JDAR_68053f5dd14b8","jumlah":2000000} []
[2025-04-20T20:41:28.376670+02:00] midtrans.INFO: Transaksi dibuat {"order_id":"JDAR_68053fd8574ac","jumlah":2000000} []
[2025-04-20T21:00:44.389088+02:00] midtrans.INFO: Transaksi dibuat {"order_id":"JDAR_6805445c59645","jumlah":2000000} []
[2025-04-21T13:27:14.715541+02:00] midtrans.INFO: Transaksi dibuat {"order_id":"JDAR_68062b9298141","jumlah":1500000} []
[2025-04-21T13:40:11.513017+02:00] midtrans.INFO: Transaction created {"order_id":"JDAR_68062e9ad424b","amount":3000000} []
[2025-04-21T13:41:31.037793+02:00] midtrans.INFO: Transaction created {"order_id":"JDAR_68062ee93755e","amount":3000000} []
[2025-04-21T13:59:46.631103+02:00] midtrans.INFO: Transaction created {"order_id":"JDAR_68063331e6771","amount":4000000} []
[2025-04-21T14:09:47.563711+02:00] midtrans.INFO: Transaction created {"order_id":"JDAR_6806358ae473a","amount":12000000} []
[2025-04-21T14:17:32.529453+02:00] midtrans.INFO: Transaction created {"order_id":"JDAR_6806375bde247","amount":4500000} []
[2025-04-21T14:30:44.424436+02:00] midtrans.INFO: Transaction created {"order_id":"JDAR_68063a73bed2e","amount":1500000} []
[2025-04-21T14:46:40.443266+02:00] midtrans.INFO: Transaction created {"order_id":"JDAR_68063e2fc4503","amount":1500000} []
[2025-04-21T14:47:02.813836+02:00] midtrans.INFO: Transaction created {"order_id":"JDAR_68063e462db6c","amount":1500000} []
[2025-04-21T14:47:15.178552+02:00] midtrans.INFO: Transaction created {"order_id":"JDAR_68063e528847d","amount":1500000} []
[2025-04-21T14:47:52.611746+02:00] midtrans.INFO: Transaction created {"order_id":"JDAR_68063e78052e2","amount":1500000} []
[2025-04-21T14:48:17.633707+02:00] midtrans.INFO: Transaction created {"order_id":"JDAR_68063e90f104e","amount":1500000} []
[2025-04-21T14:52:42.004015+02:00] midtrans.INFO: Transaction created {"order_id":"JDAR_68063f99624bd","amount":8000000} []
[2025-04-21T14:53:01.026631+02:00] midtrans.INFO: Transaction created {"order_id":"JDAR_68063fac5c190","amount":8000000} []
[2025-04-21T15:13:24.300818+02:00] midtrans.INFO: Transaction created {"order_id":"JDAR_68064473a68be","amount":2000000} []
[2025-04-21T15:44:27.012170+02:00] midtrans.INFO: Transaction created {"order_id":"JDAR_68064bba5c609","amount":3000000} []
[2025-04-21T15:44:38.361412+02:00] midtrans.INFO: Transaction created {"order_id":"JDAR_68064bc5ad160","amount":3000000} []
[2025-04-21T15:44:40.163054+02:00] midtrans.INFO: Transaction created {"order_id":"JDAR_68064bc783578","amount":3000000} []
[2025-04-21T15:45:06.121458+02:00] midtrans.INFO: Transaction created {"order_id":"JDAR_68064be17ec37","amount":3000000} []
